<?xml version="1.0" encoding="UTF-8"?>
<testng-results ignored="0" total="1" passed="1" failed="0" skipped="0">
  <reporter-output>
  </reporter-output>
  <suite started-at="2026-08-21T18:49:04 IST" name="Default suite" finished-at="2026-08-21T18:49:16 IST" duration-ms="12124">
    <groups>
    </groups>
    <test started-at="2026-08-21T18:49:04 IST" name="Default test" finished-at="2026-08-21T18:49:16 IST" duration-ms="12124">
      <class name="epic_Epicon_Login.LoginPage">
        <test-method is-config="true" signature="beforeSuite()[pri:0, instance:epic_Epicon_Login.LoginPage@279fedbd]" started-at="2026-08-21T18:49:04 IST" name="beforeSuite" finished-at="2026-08-21T18:49:04 IST" duration-ms="11" status="PASS">
          <reporter-output>
          </reporter-output>
        </test-method> <!-- beforeSuite -->
        <test-method is-config="true" signature="beforeTest()[pri:0, instance:epic_Epicon_Login.LoginPage@279fedbd]" started-at="2026-08-21T18:49:04 IST" name="beforeTest" finished-at="2026-08-21T18:49:11 IST" duration-ms="6215" status="PASS">
          <reporter-output>
          </reporter-output>
        </test-method> <!-- beforeTest -->
        <test-method is-config="true" signature="beforeClass()[pri:0, instance:epic_Epicon_Login.LoginPage@279fedbd]" started-at="2026-08-21T18:49:11 IST" name="beforeClass" finished-at="2026-08-21T18:49:13 IST" duration-ms="1968" status="PASS">
          <reporter-output>
          </reporter-output>
        </test-method> <!-- beforeClass -->
        <test-method signature="verifyLogin()[pri:0, instance:epic_Epicon_Login.LoginPage@279fedbd]" started-at="2026-08-21T18:49:13 IST" name="verifyLogin" finished-at="2026-08-21T18:49:13 IST" duration-ms="13" status="PASS">
          <reporter-output>
          </reporter-output>
        </test-method> <!-- verifyLogin -->
        <test-method is-config="true" signature="afterMethod()[pri:0, instance:epic_Epicon_Login.LoginPage@279fedbd]" started-at="2026-08-21T18:49:13 IST" name="afterMethod" finished-at="2026-08-21T18:49:13 IST" duration-ms="0" status="PASS">
          <reporter-output>
          </reporter-output>
        </test-method> <!-- afterMethod -->
        <test-method is-config="true" signature="afterClass()[pri:0, instance:epic_Epicon_Login.LoginPage@279fedbd]" started-at="2026-08-21T18:49:13 IST" name="afterClass" finished-at="2026-08-21T18:49:16 IST" duration-ms="3470" status="PASS">
          <reporter-output>
          </reporter-output>
        </test-method> <!-- afterClass -->
        <test-method is-config="true" signature="afterTest()[pri:0, instance:epic_Epicon_Login.LoginPage@279fedbd]" started-at="2026-08-21T18:49:16 IST" name="afterTest" finished-at="2026-08-21T18:49:16 IST" duration-ms="404" status="PASS">
          <reporter-output>
          </reporter-output>
        </test-method> <!-- afterTest -->
        <test-method is-config="true" signature="afterSuite()[pri:0, instance:epic_Epicon_Login.LoginPage@279fedbd]" started-at="2026-08-21T18:49:16 IST" name="afterSuite" finished-at="2026-08-21T18:49:17 IST" duration-ms="162" status="PASS">
          <reporter-output>
          </reporter-output>
        </test-method> <!-- afterSuite -->
      </class> <!-- epic_Epicon_Login.LoginPage -->
    </test> <!-- Default test -->
  </suite> <!-- Default suite -->
</testng-results>
