<?xml version="1.0" encoding="UTF-8"?>
<!-- Generated by org.testng.reporters.JUnitReportReporter -->
<testsuite hostname="Venkatesh-QC" failures="0" tests="1" name="epic_Epicon_Login.LoginPage" time="0.006" errors="0" timestamp="2026-08-24T14:59:06 IST" skipped="0">
  <testcase classname="epic_Epicon_Login.LoginPage" name="verifyLoginWithInvalidCredentials" time="0.006">
    <system-out>
      <![CDATA[Test Started: verifyLoginWithInvalidCredentials
Login with invalid credentials test executed successfully.
Test Passed: verifyLoginWithInvalidCredentials]]>
    </system-out>
  </testcase> <!-- verifyLoginWithInvalidCredentials -->
  <system-out>
    <![CDATA[Connecting to the database...
Database connection established successfully.
========== Test Suite Started: Default test ==========
Launching the browser...
Browser launched successfully.
Username and Password entered successfully.
Test Started: verifyLoginWithInvalidCredentials
Login with invalid credentials test executed successfully.
Test Passed: verifyLoginWithInvalidCredentials
After Method: Test method execution completed.
After Class: User logged out successfully.
After Test: Browser closed.
========== Test Suite Finished: Default test ==========
Passed Tests: 1
Failed Tests: 0
Skipped Tests: 0
After Suite: All browsers terminated and cleanup done.]]>
  </system-out>
</testsuite> <!-- epic_Epicon_Login.LoginPage -->
