<?xml version="1.0" encoding="UTF-8"?>
<!-- Generated by org.testng.reporters.JUnitXMLReporter -->
<testsuite ignored="1" hostname="Venkatesh-QC" failures="0" tests="1" name="Default test" time="9.502" errors="0" timestamp="2026-08-24T14:59:05 IST">
  <testcase classname="epic_Epicon_Login.LoginPage" name="verifyLoginWithInvalidCredentials" time="0.006"/>
  <testcase classname="epic_Epicon_Login.LoginPage" name="verifyLogin" time="0.0">
    <ignored/>
  </testcase> <!-- verifyLogin -->
</testsuite> <!-- Default test -->
